
----------------------------------

语言经验：C#、JavaScript、TypeScript、Java、SQL、Python、C、C++
熟练掌握.NET CORE/ASP.NET CORE/C#/熟悉CLR/EntityFramework/NUGET
熟练掌握RabbitMQ/Redis/Docker等常用工具，MySQL/PgSQL/SQLServer等常用数据库
熟练掌握VUE3和VUE2具体的技术逻辑、开发流程与相关工具和框架应用。如VITE、ELEMENT-UI、ANTD等。
熟练掌握REACTJS、WEBPACK、
熟练掌握jQuery、EasyUI、tailwind、CSS3、HTML5等一系列基础Web开发技术。
能够运用Python、Go、Shell、C等语言进行脚本编写以及自动化作业
熟练掌握SVN、GIT基本命令和使用。
熟练掌握Linux和Windows系统应用/常用命令

------------------------------

C# 相关

我推荐你最起码自己用ASP写一个东西再去正式面试 不然的话真的是有点虚的。复刻之前的项目就可以了 
操作系统要求：Linux  Windows 

Web服务器：都得布一下 Windows都是IIS APACHE-HTTPD，Linux就Nginx用的最多 ASP自带的是Kestrel一般，Nginx是作为代理转发到本地的localhost:8080的端口，然后Kestrel只监听本地8080端口。

数据库：MySQL、Orecle、SQLserver（也叫MSSQL）、Redis  基本上就这四位

框架语言相关：ASP依赖注入、路由映射的方法、CLR是什么（其实就是C#的JVM）、MVC的概念、

Web中间件：Cookie、Session、JWT 这三者的关系和区别；

网络通信相关：WebSocket、TCP和UDP的区别、HTTPS和HTTP区别、HTTP跨域的原因和基础解决办法；.NET的SignalR有什么功能？

----------------------
萨瑞通讯


1.CC50（工业路由CPE设备-出口）
技术栈：REACT MUI SOLIDJS AXIOS WEBPACK POSTCSS NIVO-CHART
PC手机自适应
负责路由设备整体前端的架构设计
负责路由设备前端的具体功能开发维护
负责定义前后端接口协议、并与后端人员联调数据接口
负责制定跨域规则与数据通信安全性分析维护。

2.WM23（便携式移动WIFI路由-出口）
WM23是一个以欧洲为主要市场的轻便WIFI设备，目前售于法国西班牙英国市场。
本人主要负责PC和移动端的前端技术架构的定义、针对设计人员的设计稿进行切图、用CSS实现动画等。并依据产品需求进行开发维护和前后端接口联调。
PC端：HTML5 ANIMATION CSS3 JQ BT4 
手机端：VUE3 VITE VANT LESS SMS-PDU

3.WCP（知识库管理系统）
知识库管理系统是公司内部技术人员进行技术交流的一个工具。公司内部培训的电子文档等内容都会上传到平台供新人学习。
技术：SPRINGMVC MYBATIS TOMCAT JDBC MYSQL LINUX
负责持续开发、维护知识库管理系统，修复BUG。优化性能。

4.工模拍照APP
技术：JAVA ANDROID CAMERA2 XML JSON
负责开发内部批量化测试人员专用工模APP，并针对测试人员的需求持续维护。着重拍照摄像声音部分。APP可针对单台手机设备的CAMERA底层性能参数配置信息进行动态展示与信息记录。

5.搭建维护公司常用测试工具如Jenkins、GERRIT、JIRA

------------------------------------
《开课啦》

负责后端API接口的开发；（ASP.NET 5，EF，DARP、RESTFUL）
负责数据库架构设计、索引、缓存和负载优化（Redis、MySQL）
负责APP中IM模块数据通信WebSocket的API开发维护（ASP、WSS、SignalR）；
负责Web管理后台的前端页面的开发。（ReactJS，Antd，Webpack、Redux）

负责《知子》后端API接口开发。（ASP.NET 5, MySQL8, Redis, RabbitMQ）
负责《知子》用户管理后台的开发。（Vue3, Webpack, ElementUI-PLUS）
负责《知子》配合硬件工程师进行视频转码编码规则制定，上传下载转码效率优化。（FFMPEG, RTSP, HLS）
负责《知子》技术架构、与客户端人员完成通信协议的制定

--------------------------------

Java的Webpack三代人   ====Ant最老、Maven中年、Gradle最年轻

网站部署及维护这个就给毙了把 没有什么用处
--------------------------------------
附录：
Dapr for dotnet  https://blog.csdn.net/ChaITSimpleLove/article/details/123791744
